2012/07/08 12:58:37 [error] [exception.CException] exception 'CException' with message 'CAssetManager.basePath "/var/www/Agros/assets" is invalid. Please make sure the directory exists and is writable by the Web server process.' in /var/yii/framework/web/CAssetManager.php:116
Stack trace:
#0 /var/yii/framework/web/CAssetManager.php(101): CAssetManager->setBasePath('/var/www/Agros/...')
#1 /var/yii/framework/web/CAssetManager.php(219): CAssetManager->getBasePath()
#2 /var/yii/framework/web/CClientScript.php(449): CAssetManager->publish('/var/yii/framew...')
#3 /var/yii/framework/web/CClientScript.php(486): CClientScript->getCoreScriptUrl()
#4 /var/yii/framework/web/CClientScript.php(302): CClientScript->getPackageBaseUrl('jquery')
#5 /var/yii/framework/web/CClientScript.php(195): CClientScript->renderCoreScripts()
#6 /var/yii/framework/web/CController.php(352): CClientScript->render('<!DOCTYPE html ...')
#7 /var/yii/framework/web/CController.php(789): CController->processOutput('<!DOCTYPE html ...')
#8 /var/www/Agros/protected/controllers/SiteController.php(92): CController->render('login', Array)
#9 /var/yii/framework/web/actions/CInlineAction.php(50): SiteController->actionLogin()
#10 /var/yii/framework/web/CController.php(309): CInlineAction->runWithParams(Array)
#11 /var/yii/framework/web/CController.php(287): CController->runAction(Object(CInlineAction))
#12 /var/yii/framework/web/CController.php(266): CController->runActionWithFilters(Object(CInlineAction), Array)
#13 /var/yii/framework/web/CWebApplication.php(276): CController->run('login')
#14 /var/yii/framework/web/CWebApplication.php(135): CWebApplication->runController('site/login')
#15 /var/yii/framework/base/CApplication.php(162): CWebApplication->processRequest()
#16 /var/www/Agros/index.php(13): CApplication->run()
#17 {main}
REQUEST_URI=/Agros/index.php?r=site/login
HTTP_REFERER=http://localhost/Agros/
---
2012/07/08 12:59:07 [error] [exception.CException] exception 'CException' with message 'CAssetManager.basePath "/var/www/Agros/assets" is invalid. Please make sure the directory exists and is writable by the Web server process.' in /var/yii/framework/web/CAssetManager.php:116
Stack trace:
#0 /var/yii/framework/web/CAssetManager.php(101): CAssetManager->setBasePath('/var/www/Agros/...')
#1 /var/yii/framework/web/CAssetManager.php(219): CAssetManager->getBasePath()
#2 /var/yii/framework/web/CClientScript.php(449): CAssetManager->publish('/var/yii/framew...')
#3 /var/yii/framework/web/CClientScript.php(486): CClientScript->getCoreScriptUrl()
#4 /var/yii/framework/web/CClientScript.php(302): CClientScript->getPackageBaseUrl('jquery')
#5 /var/yii/framework/web/CClientScript.php(195): CClientScript->renderCoreScripts()
#6 /var/yii/framework/web/CController.php(352): CClientScript->render('<!DOCTYPE html ...')
#7 /var/yii/framework/web/CController.php(789): CController->processOutput('<!DOCTYPE html ...')
#8 /var/www/Agros/protected/controllers/SiteController.php(92): CController->render('login', Array)
#9 /var/yii/framework/web/actions/CInlineAction.php(50): SiteController->actionLogin()
#10 /var/yii/framework/web/CController.php(309): CInlineAction->runWithParams(Array)
#11 /var/yii/framework/web/CController.php(287): CController->runAction(Object(CInlineAction))
#12 /var/yii/framework/web/CController.php(266): CController->runActionWithFilters(Object(CInlineAction), Array)
#13 /var/yii/framework/web/CWebApplication.php(276): CController->run('login')
#14 /var/yii/framework/web/CWebApplication.php(135): CWebApplication->runController('site/login')
#15 /var/yii/framework/base/CApplication.php(162): CWebApplication->processRequest()
#16 /var/www/Agros/index.php(13): CApplication->run()
#17 {main}
REQUEST_URI=/Agros/index.php?r=site/login
HTTP_REFERER=http://localhost/Agros/
---
2012/07/08 12:59:07 [error] [exception.CException] exception 'CException' with message 'CAssetManager.basePath "/var/www/Agros/assets" is invalid. Please make sure the directory exists and is writable by the Web server process.' in /var/yii/framework/web/CAssetManager.php:116
Stack trace:
#0 /var/yii/framework/web/CAssetManager.php(101): CAssetManager->setBasePath('/var/www/Agros/...')
#1 /var/yii/framework/web/CAssetManager.php(219): CAssetManager->getBasePath()
#2 /var/yii/framework/web/CClientScript.php(449): CAssetManager->publish('/var/yii/framew...')
#3 /var/yii/framework/web/CClientScript.php(486): CClientScript->getCoreScriptUrl()
#4 /var/yii/framework/web/CClientScript.php(302): CClientScript->getPackageBaseUrl('jquery')
#5 /var/yii/framework/web/CClientScript.php(195): CClientScript->renderCoreScripts()
#6 /var/yii/framework/web/CController.php(352): CClientScript->render('<!DOCTYPE html ...')
#7 /var/yii/framework/web/CController.php(789): CController->processOutput('<!DOCTYPE html ...')
#8 /var/www/Agros/protected/controllers/SiteController.php(92): CController->render('login', Array)
#9 /var/yii/framework/web/actions/CInlineAction.php(50): SiteController->actionLogin()
#10 /var/yii/framework/web/CController.php(309): CInlineAction->runWithParams(Array)
#11 /var/yii/framework/web/CController.php(287): CController->runAction(Object(CInlineAction))
#12 /var/yii/framework/web/CController.php(266): CController->runActionWithFilters(Object(CInlineAction), Array)
#13 /var/yii/framework/web/CWebApplication.php(276): CController->run('login')
#14 /var/yii/framework/web/CWebApplication.php(135): CWebApplication->runController('site/login')
#15 /var/yii/framework/base/CApplication.php(162): CWebApplication->processRequest()
#16 /var/www/Agros/index.php(13): CApplication->run()
#17 {main}
REQUEST_URI=/Agros/index.php?r=site/login
HTTP_REFERER=http://localhost/Agros/
---
2012/07/08 13:40:56 [error] [exception.CException] exception 'CException' with message 'Propiedad "SiteController"."pageCaption" no se encuentra definida.' in /var/yii/framework/base/CComponent.php:174
Stack trace:
#0 /var/www/Agros/themes/bootstrap/views/site/login.php(2): CComponent->__set('pageCaption', 'Iniciar Sesi??n')
#1 /var/yii/framework/web/CBaseController.php(127): require('/var/www/Agros/...')
#2 /var/yii/framework/web/CBaseController.php(96): CBaseController->renderInternal('/var/www/Agros/...', Array, true)
#3 /var/yii/framework/web/CController.php(870): CBaseController->renderFile('/var/www/Agros/...', Array, true)
#4 /var/yii/framework/web/CController.php(783): CController->renderPartial('login', Array, true)
#5 /var/www/Agros/protected/controllers/SiteController.php(92): CController->render('login', Array)
#6 /var/yii/framework/web/actions/CInlineAction.php(50): SiteController->actionLogin()
#7 /var/yii/framework/web/CController.php(309): CInlineAction->runWithParams(Array)
#8 /var/yii/framework/web/CController.php(287): CController->runAction(Object(CInlineAction))
#9 /var/yii/framework/web/CController.php(266): CController->runActionWithFilters(Object(CInlineAction), Array)
#10 /var/yii/framework/web/CWebApplication.php(276): CController->run('login')
#11 /var/yii/framework/web/CWebApplication.php(135): CWebApplication->runController('site/login')
#12 /var/yii/framework/base/CApplication.php(162): CWebApplication->processRequest()
#13 /var/www/Agros/index.php(13): CApplication->run()
#14 {main}
REQUEST_URI=/Agros/index.php/site/login
HTTP_REFERER=http://localhost/Agros/index.php/site/index
---
2012/07/08 13:45:04 [error] [exception.CException] exception 'CException' with message 'Propiedad "SiteController"."pageCaption" no se encuentra definida.' in /var/yii/framework/base/CComponent.php:174
Stack trace:
#0 /var/www/Agros/themes/bootstrap/views/site/login.php(2): CComponent->__set('pageCaption', 'Iniciar Sesi??n')
#1 /var/yii/framework/web/CBaseController.php(127): require('/var/www/Agros/...')
#2 /var/yii/framework/web/CBaseController.php(96): CBaseController->renderInternal('/var/www/Agros/...', Array, true)
#3 /var/yii/framework/web/CController.php(870): CBaseController->renderFile('/var/www/Agros/...', Array, true)
#4 /var/yii/framework/web/CController.php(783): CController->renderPartial('login', Array, true)
#5 /var/www/Agros/protected/controllers/SiteController.php(92): CController->render('login', Array)
#6 /var/yii/framework/web/actions/CInlineAction.php(50): SiteController->actionLogin()
#7 /var/yii/framework/web/CController.php(309): CInlineAction->runWithParams(Array)
#8 /var/yii/framework/web/CController.php(287): CController->runAction(Object(CInlineAction))
#9 /var/yii/framework/web/CController.php(266): CController->runActionWithFilters(Object(CInlineAction), Array)
#10 /var/yii/framework/web/CWebApplication.php(276): CController->run('login')
#11 /var/yii/framework/web/CWebApplication.php(135): CWebApplication->runController('site/login')
#12 /var/yii/framework/base/CApplication.php(162): CWebApplication->processRequest()
#13 /var/www/Agros/index.php(13): CApplication->run()
#14 {main}
REQUEST_URI=/Agros/index.php/site/login
HTTP_REFERER=http://localhost/Agros/index.php/site/index
---
2012/07/08 13:47:07 [error] [exception.CHttpException.404] exception 'CHttpException' with message 'No es posible resolver la solicitud "register/index"' in /var/yii/framework/web/CWebApplication.php:280
Stack trace:
#0 /var/yii/framework/web/CWebApplication.php(135): CWebApplication->runController('register/index')
#1 /var/yii/framework/base/CApplication.php(162): CWebApplication->processRequest()
#2 /var/www/Agros/index.php(13): CApplication->run()
#3 {main}
REQUEST_URI=/Agros/index.php/register/index
HTTP_REFERER=http://localhost/Agros/index.php/site/login
---
2012/07/08 13:48:12 [error] [php] include(Usuario.php): failed to open stream: No such file or directory (/var/yii/framework/YiiBase.php:423)
Stack trace:
#0 /var/www/Agros/themes/bootstrap/views/layouts/main.php(42): spl_autoload_call()
#1 /var/yii/framework/web/CBaseController.php(127): require()
#2 /var/yii/framework/web/CBaseController.php(96): SiteController->renderInternal()
#3 /var/yii/framework/web/widgets/CContentDecorator.php(77): SiteController->renderFile()
#4 /var/yii/framework/web/widgets/CContentDecorator.php(55): CContentDecorator->decorate()
#5 /var/yii/framework/web/widgets/COutputProcessor.php(45): CContentDecorator->processOutput()
#6 /var/yii/framework/web/CBaseController.php(207): CContentDecorator->run()
#7 /var/yii/framework/web/CBaseController.php(301): SiteController->endWidget()
#8 /var/www/Agros/themes/bootstrap/views/layouts/column1.php(13): SiteController->endContent()
#9 /var/yii/framework/web/CBaseController.php(127): require()
#10 /var/yii/framework/web/CBaseController.php(96): SiteController->renderInternal()
#11 /var/yii/framework/web/CController.php(785): SiteController->renderFile()
#12 /var/www/Agros/protected/controllers/SiteController.php(32): SiteController->render()
#13 /var/yii/framework/web/actions/CInlineAction.php(50): SiteController->actionIndex()
#14 /var/yii/framework/web/CController.php(309): CInlineAction->runWithParams()
#15 /var/yii/framework/web/CController.php(287): SiteController->runAction()
#16 /var/yii/framework/web/CController.php(266): SiteController->runActionWithFilters()
#17 /var/yii/framework/web/CWebApplication.php(276): SiteController->run()
#18 /var/yii/framework/web/CWebApplication.php(135): CWebApplication->runController()
#19 /var/yii/framework/base/CApplication.php(162): CWebApplication->processRequest()
#20 /var/www/Agros/index.php(13): CWebApplication->run()
REQUEST_URI=/Agros/index.php
in /var/www/Agros/themes/bootstrap/views/layouts/main.php (42)
in /var/www/Agros/themes/bootstrap/views/layouts/column1.php (13)
in /var/www/Agros/protected/controllers/SiteController.php (32)
2012/07/08 14:05:42 [error] [exception.CHttpException.404] exception 'CHttpException' with message 'No es posible resolver la solicitud "gi"' in /var/yii/framework/web/CWebApplication.php:280
Stack trace:
#0 /var/yii/framework/web/CWebApplication.php(135): CWebApplication->runController('gi')
#1 /var/yii/framework/base/CApplication.php(162): CWebApplication->processRequest()
#2 /var/www/Agros/index.php(13): CApplication->run()
#3 {main}
REQUEST_URI=/Agros/index.php/gi
---
2012/07/08 14:15:20 [error] [php] Undefined variable: fecha_f (/var/www/Agros/protected/views/beneficio/_form.php:20)
Stack trace:
#0 /var/yii/framework/web/CController.php(870): BeneficioController->renderFile()
#1 /var/www/Agros/protected/views/beneficio/create.php(16): BeneficioController->renderPartial()
#2 /var/yii/framework/web/CBaseController.php(127): require()
#3 /var/yii/framework/web/CBaseController.php(96): BeneficioController->renderInternal()
#4 /var/yii/framework/web/CController.php(870): BeneficioController->renderFile()
#5 /var/yii/framework/web/CController.php(783): BeneficioController->renderPartial()
#6 /var/www/Agros/protected/controllers/BeneficioController.php(79): BeneficioController->render()
#7 /var/yii/framework/web/actions/CInlineAction.php(50): BeneficioController->actionCreate()
#8 /var/yii/framework/web/CController.php(309): CInlineAction->runWithParams()
#9 /var/yii/framework/web/filters/CFilterChain.php(134): BeneficioController->runAction()
#10 /var/yii/framework/web/filters/CFilter.php(41): CFilterChain->run()
#11 /var/yii/framework/web/CController.php(1146): CAccessControlFilter->filter()
#12 /var/yii/framework/web/filters/CInlineFilter.php(59): BeneficioController->filterAccessControl()
#13 /var/yii/framework/web/filters/CFilterChain.php(131): CInlineFilter->filter()
#14 /var/yii/framework/web/CController.php(292): CFilterChain->run()
#15 /var/yii/framework/web/CController.php(266): BeneficioController->runActionWithFilters()
#16 /var/yii/framework/web/CWebApplication.php(276): BeneficioController->run()
#17 /var/yii/framework/web/CWebApplication.php(135): CWebApplication->runController()
#18 /var/yii/framework/base/CApplication.php(162): CWebApplication->processRequest()
#19 /var/www/Agros/index.php(13): CWebApplication->run()
REQUEST_URI=/Agros/index.php/beneficio/create
in /var/www/Agros/protected/views/beneficio/_form.php (20)
in /var/www/Agros/protected/views/beneficio/create.php (16)
in /var/www/Agros/protected/controllers/BeneficioController.php (79)
2012/07/08 14:18:36 [error] [php] Undefined variable: fecha_f (/var/www/Agros/protected/views/beneficio/_form.php:20)
Stack trace:
#0 /var/yii/framework/web/CController.php(870): BeneficioController->renderFile()
#1 /var/www/Agros/protected/views/beneficio/create.php(16): BeneficioController->renderPartial()
#2 /var/yii/framework/web/CBaseController.php(127): require()
#3 /var/yii/framework/web/CBaseController.php(96): BeneficioController->renderInternal()
#4 /var/yii/framework/web/CController.php(870): BeneficioController->renderFile()
#5 /var/yii/framework/web/CController.php(783): BeneficioController->renderPartial()
#6 /var/www/Agros/protected/controllers/BeneficioController.php(79): BeneficioController->render()
#7 /var/yii/framework/web/actions/CInlineAction.php(50): BeneficioController->actionCreate()
#8 /var/yii/framework/web/CController.php(309): CInlineAction->runWithParams()
#9 /var/yii/framework/web/filters/CFilterChain.php(134): BeneficioController->runAction()
#10 /var/yii/framework/web/filters/CFilter.php(41): CFilterChain->run()
#11 /var/yii/framework/web/CController.php(1146): CAccessControlFilter->filter()
#12 /var/yii/framework/web/filters/CInlineFilter.php(59): BeneficioController->filterAccessControl()
#13 /var/yii/framework/web/filters/CFilterChain.php(131): CInlineFilter->filter()
#14 /var/yii/framework/web/CController.php(292): CFilterChain->run()
#15 /var/yii/framework/web/CController.php(266): BeneficioController->runActionWithFilters()
#16 /var/yii/framework/web/CWebApplication.php(276): BeneficioController->run()
#17 /var/yii/framework/web/CWebApplication.php(135): CWebApplication->runController()
#18 /var/yii/framework/base/CApplication.php(162): CWebApplication->processRequest()
#19 /var/www/Agros/index.php(13): CWebApplication->run()
REQUEST_URI=/Agros/index.php/beneficio/create
in /var/www/Agros/protected/views/beneficio/_form.php (20)
in /var/www/Agros/protected/views/beneficio/create.php (16)
in /var/www/Agros/protected/controllers/BeneficioController.php (79)
2012/07/08 14:20:07 [error] [php] Undefined variable: fecha_f (/var/www/Agros/protected/views/beneficio/_form.php:20)
Stack trace:
#0 /var/yii/framework/web/CController.php(870): BeneficioController->renderFile()
#1 /var/www/Agros/protected/views/beneficio/create.php(16): BeneficioController->renderPartial()
#2 /var/yii/framework/web/CBaseController.php(127): require()
#3 /var/yii/framework/web/CBaseController.php(96): BeneficioController->renderInternal()
#4 /var/yii/framework/web/CController.php(870): BeneficioController->renderFile()
#5 /var/yii/framework/web/CController.php(783): BeneficioController->renderPartial()
#6 /var/www/Agros/protected/controllers/BeneficioController.php(79): BeneficioController->render()
#7 /var/yii/framework/web/actions/CInlineAction.php(50): BeneficioController->actionCreate()
#8 /var/yii/framework/web/CController.php(309): CInlineAction->runWithParams()
#9 /var/yii/framework/web/filters/CFilterChain.php(134): BeneficioController->runAction()
#10 /var/yii/framework/web/filters/CFilter.php(41): CFilterChain->run()
#11 /var/yii/framework/web/CController.php(1146): CAccessControlFilter->filter()
#12 /var/yii/framework/web/filters/CInlineFilter.php(59): BeneficioController->filterAccessControl()
#13 /var/yii/framework/web/filters/CFilterChain.php(131): CInlineFilter->filter()
#14 /var/yii/framework/web/CController.php(292): CFilterChain->run()
#15 /var/yii/framework/web/CController.php(266): BeneficioController->runActionWithFilters()
#16 /var/yii/framework/web/CWebApplication.php(276): BeneficioController->run()
#17 /var/yii/framework/web/CWebApplication.php(135): CWebApplication->runController()
#18 /var/yii/framework/base/CApplication.php(162): CWebApplication->processRequest()
#19 /var/www/Agros/index.php(13): CWebApplication->run()
REQUEST_URI=/Agros/index.php/beneficio/create
in /var/www/Agros/protected/views/beneficio/_form.php (20)
in /var/www/Agros/protected/views/beneficio/create.php (16)
in /var/www/Agros/protected/controllers/BeneficioController.php (79)
2012/07/08 14:20:20 [error] [php] Undefined variable: fecha_f (/var/www/Agros/protected/views/beneficio/_form.php:20)
Stack trace:
#0 /var/yii/framework/web/CController.php(870): BeneficioController->renderFile()
#1 /var/www/Agros/protected/views/beneficio/create.php(16): BeneficioController->renderPartial()
#2 /var/yii/framework/web/CBaseController.php(127): require()
#3 /var/yii/framework/web/CBaseController.php(96): BeneficioController->renderInternal()
#4 /var/yii/framework/web/CController.php(870): BeneficioController->renderFile()
#5 /var/yii/framework/web/CController.php(783): BeneficioController->renderPartial()
#6 /var/www/Agros/protected/controllers/BeneficioController.php(79): BeneficioController->render()
#7 /var/yii/framework/web/actions/CInlineAction.php(50): BeneficioController->actionCreate()
#8 /var/yii/framework/web/CController.php(309): CInlineAction->runWithParams()
#9 /var/yii/framework/web/filters/CFilterChain.php(134): BeneficioController->runAction()
#10 /var/yii/framework/web/filters/CFilter.php(41): CFilterChain->run()
#11 /var/yii/framework/web/CController.php(1146): CAccessControlFilter->filter()
#12 /var/yii/framework/web/filters/CInlineFilter.php(59): BeneficioController->filterAccessControl()
#13 /var/yii/framework/web/filters/CFilterChain.php(131): CInlineFilter->filter()
#14 /var/yii/framework/web/CController.php(292): CFilterChain->run()
#15 /var/yii/framework/web/CController.php(266): BeneficioController->runActionWithFilters()
#16 /var/yii/framework/web/CWebApplication.php(276): BeneficioController->run()
#17 /var/yii/framework/web/CWebApplication.php(135): CWebApplication->runController()
#18 /var/yii/framework/base/CApplication.php(162): CWebApplication->processRequest()
#19 /var/www/Agros/index.php(13): CWebApplication->run()
REQUEST_URI=/Agros/index.php/beneficio/create
in /var/www/Agros/protected/views/beneficio/_form.php (20)
in /var/www/Agros/protected/views/beneficio/create.php (16)
in /var/www/Agros/protected/controllers/BeneficioController.php (79)
2012/07/08 14:20:23 [error] [php] Undefined variable: fecha_f (/var/www/Agros/protected/views/beneficio/_form.php:20)
Stack trace:
#0 /var/yii/framework/web/CController.php(870): BeneficioController->renderFile()
#1 /var/www/Agros/protected/views/beneficio/create.php(16): BeneficioController->renderPartial()
#2 /var/yii/framework/web/CBaseController.php(127): require()
#3 /var/yii/framework/web/CBaseController.php(96): BeneficioController->renderInternal()
#4 /var/yii/framework/web/CController.php(870): BeneficioController->renderFile()
#5 /var/yii/framework/web/CController.php(783): BeneficioController->renderPartial()
#6 /var/www/Agros/protected/controllers/BeneficioController.php(79): BeneficioController->render()
#7 /var/yii/framework/web/actions/CInlineAction.php(50): BeneficioController->actionCreate()
#8 /var/yii/framework/web/CController.php(309): CInlineAction->runWithParams()
#9 /var/yii/framework/web/filters/CFilterChain.php(134): BeneficioController->runAction()
#10 /var/yii/framework/web/filters/CFilter.php(41): CFilterChain->run()
#11 /var/yii/framework/web/CController.php(1146): CAccessControlFilter->filter()
#12 /var/yii/framework/web/filters/CInlineFilter.php(59): BeneficioController->filterAccessControl()
#13 /var/yii/framework/web/filters/CFilterChain.php(131): CInlineFilter->filter()
#14 /var/yii/framework/web/CController.php(292): CFilterChain->run()
#15 /var/yii/framework/web/CController.php(266): BeneficioController->runActionWithFilters()
#16 /var/yii/framework/web/CWebApplication.php(276): BeneficioController->run()
#17 /var/yii/framework/web/CWebApplication.php(135): CWebApplication->runController()
#18 /var/yii/framework/base/CApplication.php(162): CWebApplication->processRequest()
#19 /var/www/Agros/index.php(13): CWebApplication->run()
REQUEST_URI=/Agros/index.php/beneficio/create
in /var/www/Agros/protected/views/beneficio/_form.php (20)
in /var/www/Agros/protected/views/beneficio/create.php (16)
in /var/www/Agros/protected/controllers/BeneficioController.php (79)
2012/07/08 14:21:05 [error] [php] Undefined variable: fecha_f (/var/www/Agros/protected/views/beneficio/_form.php:20)
Stack trace:
#0 /var/yii/framework/web/CController.php(870): BeneficioController->renderFile()
#1 /var/www/Agros/protected/views/beneficio/create.php(16): BeneficioController->renderPartial()
#2 /var/yii/framework/web/CBaseController.php(127): require()
#3 /var/yii/framework/web/CBaseController.php(96): BeneficioController->renderInternal()
#4 /var/yii/framework/web/CController.php(870): BeneficioController->renderFile()
#5 /var/yii/framework/web/CController.php(783): BeneficioController->renderPartial()
#6 /var/www/Agros/protected/controllers/BeneficioController.php(79): BeneficioController->render()
#7 /var/yii/framework/web/actions/CInlineAction.php(50): BeneficioController->actionCreate()
#8 /var/yii/framework/web/CController.php(309): CInlineAction->runWithParams()
#9 /var/yii/framework/web/filters/CFilterChain.php(134): BeneficioController->runAction()
#10 /var/yii/framework/web/filters/CFilter.php(41): CFilterChain->run()
#11 /var/yii/framework/web/CController.php(1146): CAccessControlFilter->filter()
#12 /var/yii/framework/web/filters/CInlineFilter.php(59): BeneficioController->filterAccessControl()
#13 /var/yii/framework/web/filters/CFilterChain.php(131): CInlineFilter->filter()
#14 /var/yii/framework/web/CController.php(292): CFilterChain->run()
#15 /var/yii/framework/web/CController.php(266): BeneficioController->runActionWithFilters()
#16 /var/yii/framework/web/CWebApplication.php(276): BeneficioController->run()
#17 /var/yii/framework/web/CWebApplication.php(135): CWebApplication->runController()
#18 /var/yii/framework/base/CApplication.php(162): CWebApplication->processRequest()
#19 /var/www/Agros/index.php(13): CWebApplication->run()
REQUEST_URI=/Agros/index.php/beneficio/create
in /var/www/Agros/protected/views/beneficio/_form.php (20)
in /var/www/Agros/protected/views/beneficio/create.php (16)
in /var/www/Agros/protected/controllers/BeneficioController.php (79)
2012/07/08 14:21:06 [error] [php] Undefined variable: fecha_f (/var/www/Agros/protected/views/beneficio/_form.php:20)
Stack trace:
#0 /var/yii/framework/web/CController.php(870): BeneficioController->renderFile()
#1 /var/www/Agros/protected/views/beneficio/create.php(16): BeneficioController->renderPartial()
#2 /var/yii/framework/web/CBaseController.php(127): require()
#3 /var/yii/framework/web/CBaseController.php(96): BeneficioController->renderInternal()
#4 /var/yii/framework/web/CController.php(870): BeneficioController->renderFile()
#5 /var/yii/framework/web/CController.php(783): BeneficioController->renderPartial()
#6 /var/www/Agros/protected/controllers/BeneficioController.php(79): BeneficioController->render()
#7 /var/yii/framework/web/actions/CInlineAction.php(50): BeneficioController->actionCreate()
#8 /var/yii/framework/web/CController.php(309): CInlineAction->runWithParams()
#9 /var/yii/framework/web/filters/CFilterChain.php(134): BeneficioController->runAction()
#10 /var/yii/framework/web/filters/CFilter.php(41): CFilterChain->run()
#11 /var/yii/framework/web/CController.php(1146): CAccessControlFilter->filter()
#12 /var/yii/framework/web/filters/CInlineFilter.php(59): BeneficioController->filterAccessControl()
#13 /var/yii/framework/web/filters/CFilterChain.php(131): CInlineFilter->filter()
#14 /var/yii/framework/web/CController.php(292): CFilterChain->run()
#15 /var/yii/framework/web/CController.php(266): BeneficioController->runActionWithFilters()
#16 /var/yii/framework/web/CWebApplication.php(276): BeneficioController->run()
#17 /var/yii/framework/web/CWebApplication.php(135): CWebApplication->runController()
#18 /var/yii/framework/base/CApplication.php(162): CWebApplication->processRequest()
#19 /var/www/Agros/index.php(13): CWebApplication->run()
REQUEST_URI=/Agros/index.php/beneficio/create
in /var/www/Agros/protected/views/beneficio/_form.php (20)
in /var/www/Agros/protected/views/beneficio/create.php (16)
in /var/www/Agros/protected/controllers/BeneficioController.php (79)
2012/07/08 14:21:17 [error] [php] Undefined variable: fecha_f (/var/www/Agros/protected/views/beneficio/_form.php:30)
Stack trace:
#0 /var/yii/framework/web/CController.php(870): BeneficioController->renderFile()
#1 /var/www/Agros/protected/views/beneficio/create.php(16): BeneficioController->renderPartial()
#2 /var/yii/framework/web/CBaseController.php(127): require()
#3 /var/yii/framework/web/CBaseController.php(96): BeneficioController->renderInternal()
#4 /var/yii/framework/web/CController.php(870): BeneficioController->renderFile()
#5 /var/yii/framework/web/CController.php(783): BeneficioController->renderPartial()
#6 /var/www/Agros/protected/controllers/BeneficioController.php(79): BeneficioController->render()
#7 /var/yii/framework/web/actions/CInlineAction.php(50): BeneficioController->actionCreate()
#8 /var/yii/framework/web/CController.php(309): CInlineAction->runWithParams()
#9 /var/yii/framework/web/filters/CFilterChain.php(134): BeneficioController->runAction()
#10 /var/yii/framework/web/filters/CFilter.php(41): CFilterChain->run()
#11 /var/yii/framework/web/CController.php(1146): CAccessControlFilter->filter()
#12 /var/yii/framework/web/filters/CInlineFilter.php(59): BeneficioController->filterAccessControl()
#13 /var/yii/framework/web/filters/CFilterChain.php(131): CInlineFilter->filter()
#14 /var/yii/framework/web/CController.php(292): CFilterChain->run()
#15 /var/yii/framework/web/CController.php(266): BeneficioController->runActionWithFilters()
#16 /var/yii/framework/web/CWebApplication.php(276): BeneficioController->run()
#17 /var/yii/framework/web/CWebApplication.php(135): CWebApplication->runController()
#18 /var/yii/framework/base/CApplication.php(162): CWebApplication->processRequest()
#19 /var/www/Agros/index.php(13): CWebApplication->run()
REQUEST_URI=/Agros/index.php/beneficio/create
in /var/www/Agros/protected/views/beneficio/_form.php (30)
in /var/www/Agros/protected/views/beneficio/create.php (16)
in /var/www/Agros/protected/controllers/BeneficioController.php (79)
2012/07/08 14:21:48 [error] [php] Undefined variable: fecha_f (/var/www/Agros/protected/views/beneficio/_form.php:30)
Stack trace:
#0 /var/yii/framework/web/CController.php(870): BeneficioController->renderFile()
#1 /var/www/Agros/protected/views/beneficio/create.php(16): BeneficioController->renderPartial()
#2 /var/yii/framework/web/CBaseController.php(127): require()
#3 /var/yii/framework/web/CBaseController.php(96): BeneficioController->renderInternal()
#4 /var/yii/framework/web/CController.php(870): BeneficioController->renderFile()
#5 /var/yii/framework/web/CController.php(783): BeneficioController->renderPartial()
#6 /var/www/Agros/protected/controllers/BeneficioController.php(79): BeneficioController->render()
#7 /var/yii/framework/web/actions/CInlineAction.php(50): BeneficioController->actionCreate()
#8 /var/yii/framework/web/CController.php(309): CInlineAction->runWithParams()
#9 /var/yii/framework/web/filters/CFilterChain.php(134): BeneficioController->runAction()
#10 /var/yii/framework/web/filters/CFilter.php(41): CFilterChain->run()
#11 /var/yii/framework/web/CController.php(1146): CAccessControlFilter->filter()
#12 /var/yii/framework/web/filters/CInlineFilter.php(59): BeneficioController->filterAccessControl()
#13 /var/yii/framework/web/filters/CFilterChain.php(131): CInlineFilter->filter()
#14 /var/yii/framework/web/CController.php(292): CFilterChain->run()
#15 /var/yii/framework/web/CController.php(266): BeneficioController->runActionWithFilters()
#16 /var/yii/framework/web/CWebApplication.php(276): BeneficioController->run()
#17 /var/yii/framework/web/CWebApplication.php(135): CWebApplication->runController()
#18 /var/yii/framework/base/CApplication.php(162): CWebApplication->processRequest()
#19 /var/www/Agros/index.php(13): CWebApplication->run()
REQUEST_URI=/Agros/index.php/beneficio/create
in /var/www/Agros/protected/views/beneficio/_form.php (30)
in /var/www/Agros/protected/views/beneficio/create.php (16)
in /var/www/Agros/protected/controllers/BeneficioController.php (79)
2012/07/08 14:21:57 [error] [php] include(Entrada.php): failed to open stream: No such file or directory (/var/yii/framework/YiiBase.php:423)
Stack trace:
#0 /var/yii/framework/db/ar/CActiveRecord.php(382): spl_autoload_call()
#1 /var/yii/framework/db/ar/CActiveFinder.php(219): model()
#2 /var/yii/framework/db/ar/CActiveFinder.php(49): CActiveFinder->buildJoinTree()
#3 /var/yii/framework/db/ar/CActiveRecord.php(272): CActiveFinder->__construct()
#4 /var/yii/framework/db/ar/CActiveRecord.php(142): Beneficio->getRelated()
#5 /var/www/Agros/protected/extensions/custom/widgets/EJuiAutoCompleteFkField.php(179): Beneficio->__get()
#6 /var/yii/framework/web/CBaseController.php(148): EJuiAutoCompleteFkField->init()
#7 /var/yii/framework/web/CBaseController.php(173): BeneficioController->createWidget()
#8 /var/www/Agros/protected/views/beneficio/_form.php(63): BeneficioController->widget()
#9 /var/yii/framework/web/CBaseController.php(127): require()
#10 /var/yii/framework/web/CBaseController.php(96): BeneficioController->renderInternal()
#11 /var/yii/framework/web/CController.php(870): BeneficioController->renderFile()
#12 /var/www/Agros/protected/views/beneficio/create.php(16): BeneficioController->renderPartial()
#13 /var/yii/framework/web/CBaseController.php(127): require()
#14 /var/yii/framework/web/CBaseController.php(96): BeneficioController->renderInternal()
#15 /var/yii/framework/web/CController.php(870): BeneficioController->renderFile()
#16 /var/yii/framework/web/CController.php(783): BeneficioController->renderPartial()
#17 /var/www/Agros/protected/controllers/BeneficioController.php(79): BeneficioController->render()
#18 /var/yii/framework/web/actions/CInlineAction.php(50): BeneficioController->actionCreate()
#19 /var/yii/framework/web/CController.php(309): CInlineAction->runWithParams()
#20 /var/yii/framework/web/filters/CFilterChain.php(134): BeneficioController->runAction()
#21 /var/yii/framework/web/filters/CFilter.php(41): CFilterChain->run()
#22 /var/yii/framework/web/CController.php(1146): CAccessControlFilter->filter()
#23 /var/yii/framework/web/filters/CInlineFilter.php(59): BeneficioController->filterAccessControl()
#24 /var/yii/framework/web/filters/CFilterChain.php(131): CInlineFilter->filter()
#25 /var/yii/framework/web/CController.php(292): CFilterChain->run()
#26 /var/yii/framework/web/CController.php(266): BeneficioController->runActionWithFilters()
#27 /var/yii/framework/web/CWebApplication.php(276): BeneficioController->run()
#28 /var/yii/framework/web/CWebApplication.php(135): CWebApplication->runController()
#29 /var/yii/framework/base/CApplication.php(162): CWebApplication->processRequest()
#30 /var/www/Agros/index.php(13): CWebApplication->run()
REQUEST_URI=/Agros/index.php/beneficio/create
in /var/www/Agros/protected/extensions/custom/widgets/EJuiAutoCompleteFkField.php (179)
in /var/www/Agros/protected/views/beneficio/_form.php (63)
in /var/www/Agros/protected/views/beneficio/create.php (16)
2012/07/08 14:22:16 [error] [php] Use of undefined constant estatus_did - assumed 'estatus_did' (/var/www/Agros/protected/views/beneficio/_form.php:71)
Stack trace:
#0 /var/yii/framework/web/CController.php(870): BeneficioController->renderFile()
#1 /var/www/Agros/protected/views/beneficio/create.php(16): BeneficioController->renderPartial()
#2 /var/yii/framework/web/CBaseController.php(127): require()
#3 /var/yii/framework/web/CBaseController.php(96): BeneficioController->renderInternal()
#4 /var/yii/framework/web/CController.php(870): BeneficioController->renderFile()
#5 /var/yii/framework/web/CController.php(783): BeneficioController->renderPartial()
#6 /var/www/Agros/protected/controllers/BeneficioController.php(79): BeneficioController->render()
#7 /var/yii/framework/web/actions/CInlineAction.php(50): BeneficioController->actionCreate()
#8 /var/yii/framework/web/CController.php(309): CInlineAction->runWithParams()
#9 /var/yii/framework/web/filters/CFilterChain.php(134): BeneficioController->runAction()
#10 /var/yii/framework/web/filters/CFilter.php(41): CFilterChain->run()
#11 /var/yii/framework/web/CController.php(1146): CAccessControlFilter->filter()
#12 /var/yii/framework/web/filters/CInlineFilter.php(59): BeneficioController->filterAccessControl()
#13 /var/yii/framework/web/filters/CFilterChain.php(131): CInlineFilter->filter()
#14 /var/yii/framework/web/CController.php(292): CFilterChain->run()
#15 /var/yii/framework/web/CController.php(266): BeneficioController->runActionWithFilters()
#16 /var/yii/framework/web/CWebApplication.php(276): BeneficioController->run()
#17 /var/yii/framework/web/CWebApplication.php(135): CWebApplication->runController()
#18 /var/yii/framework/base/CApplication.php(162): CWebApplication->processRequest()
#19 /var/www/Agros/index.php(13): CWebApplication->run()
REQUEST_URI=/Agros/index.php/beneficio/create
in /var/www/Agros/protected/views/beneficio/_form.php (71)
in /var/www/Agros/protected/views/beneficio/create.php (16)
in /var/www/Agros/protected/controllers/BeneficioController.php (79)
2012/07/08 14:22:46 [error] [php] Use of undefined constant estatus_did - assumed 'estatus_did' (/var/www/Agros/protected/views/beneficio/_form.php:71)
Stack trace:
#0 /var/yii/framework/web/CController.php(870): BeneficioController->renderFile()
#1 /var/www/Agros/protected/views/beneficio/create.php(16): BeneficioController->renderPartial()
#2 /var/yii/framework/web/CBaseController.php(127): require()
#3 /var/yii/framework/web/CBaseController.php(96): BeneficioController->renderInternal()
#4 /var/yii/framework/web/CController.php(870): BeneficioController->renderFile()
#5 /var/yii/framework/web/CController.php(783): BeneficioController->renderPartial()
#6 /var/www/Agros/protected/controllers/BeneficioController.php(79): BeneficioController->render()
#7 /var/yii/framework/web/actions/CInlineAction.php(50): BeneficioController->actionCreate()
#8 /var/yii/framework/web/CController.php(309): CInlineAction->runWithParams()
#9 /var/yii/framework/web/filters/CFilterChain.php(134): BeneficioController->runAction()
#10 /var/yii/framework/web/filters/CFilter.php(41): CFilterChain->run()
#11 /var/yii/framework/web/CController.php(1146): CAccessControlFilter->filter()
#12 /var/yii/framework/web/filters/CInlineFilter.php(59): BeneficioController->filterAccessControl()
#13 /var/yii/framework/web/filters/CFilterChain.php(131): CInlineFilter->filter()
#14 /var/yii/framework/web/CController.php(292): CFilterChain->run()
#15 /var/yii/framework/web/CController.php(266): BeneficioController->runActionWithFilters()
#16 /var/yii/framework/web/CWebApplication.php(276): BeneficioController->run()
#17 /var/yii/framework/web/CWebApplication.php(135): CWebApplication->runController()
#18 /var/yii/framework/base/CApplication.php(162): CWebApplication->processRequest()
#19 /var/www/Agros/index.php(13): CWebApplication->run()
REQUEST_URI=/Agros/index.php/beneficio/create
in /var/www/Agros/protected/views/beneficio/_form.php (71)
in /var/www/Agros/protected/views/beneficio/create.php (16)
in /var/www/Agros/protected/controllers/BeneficioController.php (79)
2012/07/08 14:22:47 [error] [php] Use of undefined constant estatus_did - assumed 'estatus_did' (/var/www/Agros/protected/views/beneficio/_form.php:71)
Stack trace:
#0 /var/yii/framework/web/CController.php(870): BeneficioController->renderFile()
#1 /var/www/Agros/protected/views/beneficio/create.php(16): BeneficioController->renderPartial()
#2 /var/yii/framework/web/CBaseController.php(127): require()
#3 /var/yii/framework/web/CBaseController.php(96): BeneficioController->renderInternal()
#4 /var/yii/framework/web/CController.php(870): BeneficioController->renderFile()
#5 /var/yii/framework/web/CController.php(783): BeneficioController->renderPartial()
#6 /var/www/Agros/protected/controllers/BeneficioController.php(79): BeneficioController->render()
#7 /var/yii/framework/web/actions/CInlineAction.php(50): BeneficioController->actionCreate()
#8 /var/yii/framework/web/CController.php(309): CInlineAction->runWithParams()
#9 /var/yii/framework/web/filters/CFilterChain.php(134): BeneficioController->runAction()
#10 /var/yii/framework/web/filters/CFilter.php(41): CFilterChain->run()
#11 /var/yii/framework/web/CController.php(1146): CAccessControlFilter->filter()
#12 /var/yii/framework/web/filters/CInlineFilter.php(59): BeneficioController->filterAccessControl()
#13 /var/yii/framework/web/filters/CFilterChain.php(131): CInlineFilter->filter()
#14 /var/yii/framework/web/CController.php(292): CFilterChain->run()
#15 /var/yii/framework/web/CController.php(266): BeneficioController->runActionWithFilters()
#16 /var/yii/framework/web/CWebApplication.php(276): BeneficioController->run()
#17 /var/yii/framework/web/CWebApplication.php(135): CWebApplication->runController()
#18 /var/yii/framework/base/CApplication.php(162): CWebApplication->processRequest()
#19 /var/www/Agros/index.php(13): CWebApplication->run()
REQUEST_URI=/Agros/index.php/beneficio/create
in /var/www/Agros/protected/views/beneficio/_form.php (71)
in /var/www/Agros/protected/views/beneficio/create.php (16)
in /var/www/Agros/protected/controllers/BeneficioController.php (79)
2012/07/08 14:23:55 [error] [php] Use of undefined constant estatus_did - assumed 'estatus_did' (/var/www/Agros/protected/views/beneficio/_form.php:71)
Stack trace:
#0 /var/yii/framework/web/CController.php(870): BeneficioController->renderFile()
#1 /var/www/Agros/protected/views/beneficio/create.php(16): BeneficioController->renderPartial()
#2 /var/yii/framework/web/CBaseController.php(127): require()
#3 /var/yii/framework/web/CBaseController.php(96): BeneficioController->renderInternal()
#4 /var/yii/framework/web/CController.php(870): BeneficioController->renderFile()
#5 /var/yii/framework/web/CController.php(783): BeneficioController->renderPartial()
#6 /var/www/Agros/protected/controllers/BeneficioController.php(79): BeneficioController->render()
#7 /var/yii/framework/web/actions/CInlineAction.php(50): BeneficioController->actionCreate()
#8 /var/yii/framework/web/CController.php(309): CInlineAction->runWithParams()
#9 /var/yii/framework/web/filters/CFilterChain.php(134): BeneficioController->runAction()
#10 /var/yii/framework/web/filters/CFilter.php(41): CFilterChain->run()
#11 /var/yii/framework/web/CController.php(1146): CAccessControlFilter->filter()
#12 /var/yii/framework/web/filters/CInlineFilter.php(59): BeneficioController->filterAccessControl()
#13 /var/yii/framework/web/filters/CFilterChain.php(131): CInlineFilter->filter()
#14 /var/yii/framework/web/CController.php(292): CFilterChain->run()
#15 /var/yii/framework/web/CController.php(266): BeneficioController->runActionWithFilters()
#16 /var/yii/framework/web/CWebApplication.php(276): BeneficioController->run()
#17 /var/yii/framework/web/CWebApplication.php(135): CWebApplication->runController()
#18 /var/yii/framework/base/CApplication.php(162): CWebApplication->processRequest()
#19 /var/www/Agros/index.php(13): CWebApplication->run()
REQUEST_URI=/Agros/index.php/beneficio/create
in /var/www/Agros/protected/views/beneficio/_form.php (71)
in /var/www/Agros/protected/views/beneficio/create.php (16)
in /var/www/Agros/protected/controllers/BeneficioController.php (79)
2012/07/08 14:24:09 [error] [php] include(Temporada.php): failed to open stream: No such file or directory (/var/yii/framework/YiiBase.php:423)
Stack trace:
#0 /var/www/Agros/protected/views/beneficio/_form.php(79): spl_autoload_call()
#1 /var/yii/framework/web/CBaseController.php(127): require()
#2 /var/yii/framework/web/CBaseController.php(96): BeneficioController->renderInternal()
#3 /var/yii/framework/web/CController.php(870): BeneficioController->renderFile()
#4 /var/www/Agros/protected/views/beneficio/create.php(16): BeneficioController->renderPartial()
#5 /var/yii/framework/web/CBaseController.php(127): require()
#6 /var/yii/framework/web/CBaseController.php(96): BeneficioController->renderInternal()
#7 /var/yii/framework/web/CController.php(870): BeneficioController->renderFile()
#8 /var/yii/framework/web/CController.php(783): BeneficioController->renderPartial()
#9 /var/www/Agros/protected/controllers/BeneficioController.php(79): BeneficioController->render()
#10 /var/yii/framework/web/actions/CInlineAction.php(50): BeneficioController->actionCreate()
#11 /var/yii/framework/web/CController.php(309): CInlineAction->runWithParams()
#12 /var/yii/framework/web/filters/CFilterChain.php(134): BeneficioController->runAction()
#13 /var/yii/framework/web/filters/CFilter.php(41): CFilterChain->run()
#14 /var/yii/framework/web/CController.php(1146): CAccessControlFilter->filter()
#15 /var/yii/framework/web/filters/CInlineFilter.php(59): BeneficioController->filterAccessControl()
#16 /var/yii/framework/web/filters/CFilterChain.php(131): CInlineFilter->filter()
#17 /var/yii/framework/web/CController.php(292): CFilterChain->run()
#18 /var/yii/framework/web/CController.php(266): BeneficioController->runActionWithFilters()
#19 /var/yii/framework/web/CWebApplication.php(276): BeneficioController->run()
#20 /var/yii/framework/web/CWebApplication.php(135): CWebApplication->runController()
#21 /var/yii/framework/base/CApplication.php(162): CWebApplication->processRequest()
#22 /var/www/Agros/index.php(13): CWebApplication->run()
REQUEST_URI=/Agros/index.php/beneficio/create
in /var/www/Agros/protected/views/beneficio/_form.php (79)
in /var/www/Agros/protected/views/beneficio/create.php (16)
in /var/www/Agros/protected/controllers/BeneficioController.php (79)
2012/07/08 14:24:23 [error] [system.db.CDbCommand] CDbCommand::fetchAll() failed: SQLSTATE[42S02]: Base table or view not found: 1146 Table 'agros.temoporada' doesn't exist. The SQL statement executed was: SHOW COLUMNS FROM `temoporada`.
in /var/www/Agros/protected/extensions/bootstrap-theme/gii/model/ModelCode.php (179)
in /var/www/Agros/protected/extensions/bootstrap-theme/gii/model/ModelCode.php (134)
in /var/www/Agros/index.php (13)
2012/07/09 16:57:52 [error] [exception.CException] exception 'CException' with message 'CAssetManager.basePath "/Applications/XAMPP/xamppfiles/htdocs/Agros/assets" es inválido. Verifique que el directorio exista y tenga permisos de escritura por el proceso que corre el servidor Web.' in /Applications/XAMPP/xamppfiles/yii/framework/web/CAssetManager.php:116
Stack trace:
#0 /Applications/XAMPP/xamppfiles/yii/framework/web/CAssetManager.php(101): CAssetManager->setBasePath('/Applications/X...')
#1 /Applications/XAMPP/xamppfiles/yii/framework/web/CAssetManager.php(219): CAssetManager->getBasePath()
#2 /Applications/XAMPP/xamppfiles/yii/framework/web/CClientScript.php(449): CAssetManager->publish('/Applications/X...')
#3 /Applications/XAMPP/xamppfiles/yii/framework/web/CClientScript.php(486): CClientScript->getCoreScriptUrl()
#4 /Applications/XAMPP/xamppfiles/yii/framework/web/CClientScript.php(302): CClientScript->getPackageBaseUrl('jquery')
#5 /Applications/XAMPP/xamppfiles/yii/framework/web/CClientScript.php(195): CClientScript->renderCoreScripts()
#6 /Applications/XAMPP/xamppfiles/yii/framework/web/CController.php(352): CClientScript->render('<!DOCTYPE html>...')
#7 /Applications/XAMPP/xamppfiles/yii/framework/web/CController.php(789): CController->processOutput('<!DOCTYPE html>...')
#8 /Applications/XAMPP/xamppfiles/htdocs/Agros/protected/controllers/SiteController.php(66): CController->render('contact', Array)
#9 /Applications/XAMPP/xamppfiles/yii/framework/web/actions/CInlineAction.php(50): SiteController->actionContact()
#10 /Applications/XAMPP/xamppfiles/yii/framework/web/CController.php(309): CInlineAction->runWithParams(Array)
#11 /Applications/XAMPP/xamppfiles/yii/framework/web/CController.php(287): CController->runAction(Object(CInlineAction))
#12 /Applications/XAMPP/xamppfiles/yii/framework/web/CController.php(266): CController->runActionWithFilters(Object(CInlineAction), Array)
#13 /Applications/XAMPP/xamppfiles/yii/framework/web/CWebApplication.php(276): CController->run('contact')
#14 /Applications/XAMPP/xamppfiles/yii/framework/web/CWebApplication.php(135): CWebApplication->runController('site/contact')
#15 /Applications/XAMPP/xamppfiles/yii/framework/base/CApplication.php(162): CWebApplication->processRequest()
#16 /Applications/XAMPP/xamppfiles/htdocs/Agros/index.php(13): CApplication->run()
#17 {main}
REQUEST_URI=/Agros/index.php/site/contact
HTTP_REFERER=http://localhost/Agros/index.php/site/page?view=about
---
2012/07/09 18:46:34 [error] [system.db.CDbCommand] CDbCommand::fetchAll() failed: SQLSTATE[42S02]: Base table or view not found: 1146 Table 'agrosdb.Usuario' doesn't exist. The SQL statement executed was: SHOW COLUMNS FROM `Usuario`.
in /Applications/XAMPP/xamppfiles/htdocs/Agros/protected/extensions/bootstrap-theme/gii/model/ModelCode.php (179)
in /Applications/XAMPP/xamppfiles/htdocs/Agros/protected/extensions/bootstrap-theme/gii/model/ModelCode.php (134)
in /Applications/XAMPP/xamppfiles/htdocs/Agros/index.php (13)
2012/07/09 18:46:42 [error] [system.db.CDbCommand] CDbCommand::fetchAll() failed: SQLSTATE[42S02]: Base table or view not found: 1146 Table 'agrosdb.usuario' doesn't exist. The SQL statement executed was: SHOW COLUMNS FROM `usuario`.
in /Applications/XAMPP/xamppfiles/htdocs/Agros/protected/extensions/bootstrap-theme/gii/model/ModelCode.php (179)
in /Applications/XAMPP/xamppfiles/htdocs/Agros/protected/extensions/bootstrap-theme/gii/model/ModelCode.php (134)
in /Applications/XAMPP/xamppfiles/htdocs/Agros/index.php (13)
2012/07/09 18:47:04 [error] [system.db.CDbCommand] CDbCommand::fetchAll() failed: SQLSTATE[42S02]: Base table or view not found: 1146 Table 'agrosdb.usuario' doesn't exist. The SQL statement executed was: SHOW COLUMNS FROM `usuario`.
in /Applications/XAMPP/xamppfiles/htdocs/Agros/protected/extensions/bootstrap-theme/gii/model/ModelCode.php (179)
in /Applications/XAMPP/xamppfiles/htdocs/Agros/protected/extensions/bootstrap-theme/gii/model/ModelCode.php (134)
in /Applications/XAMPP/xamppfiles/htdocs/Agros/index.php (13)
2012/07/09 18:53:55 [error] [system.db.CDbCommand] CDbCommand::fetchAll() failed: SQLSTATE[42S02]: Base table or view not found: 1146 Table 'agros.TipoUsuario' doesn't exist. The SQL statement executed was: SHOW COLUMNS FROM `TipoUsuario`.
in /Applications/XAMPP/xamppfiles/htdocs/Agros/protected/extensions/bootstrap-theme/gii/model/ModelCode.php (179)
in /Applications/XAMPP/xamppfiles/htdocs/Agros/protected/extensions/bootstrap-theme/gii/model/ModelCode.php (134)
in /Applications/XAMPP/xamppfiles/htdocs/Agros/index.php (13)
2012/07/09 19:50:17 [error] [exception.CHttpException.404] exception 'CHttpException' with message 'El sistema no ha podido encontrar la acción "profile" solicitada.' in /Applications/XAMPP/xamppfiles/yii/framework/web/CController.php:484
Stack trace:
#0 /Applications/XAMPP/xamppfiles/yii/framework/web/CController.php(271): CController->missingAction('profile')
#1 /Applications/XAMPP/xamppfiles/yii/framework/web/CWebApplication.php(276): CController->run('profile')
#2 /Applications/XAMPP/xamppfiles/yii/framework/web/CWebApplication.php(135): CWebApplication->runController('site/profile')
#3 /Applications/XAMPP/xamppfiles/yii/framework/base/CApplication.php(162): CWebApplication->processRequest()
#4 /Applications/XAMPP/xamppfiles/htdocs/Agros/index.php(13): CApplication->run()
#5 {main}
REQUEST_URI=/Agros/index.php/site/profile
HTTP_REFERER=http://localhost/Agros/index.php
---
2012/07/10 16:03:31 [error] [exception.CDbException] exception 'CDbException' with message 'CDbConnection failed to open the DB connection: SQLSTATE[HY000] [2003] Can't connect to MySQL server on '192.168.5.103' (4)' in /Applications/XAMPP/xamppfiles/yii/framework/db/CDbConnection.php:382
Stack trace:
#0 /Applications/XAMPP/xamppfiles/yii/framework/db/CDbConnection.php(331): CDbConnection->open()
#1 /Applications/XAMPP/xamppfiles/yii/framework/db/CDbConnection.php(309): CDbConnection->setActive(true)
#2 /Applications/XAMPP/xamppfiles/yii/framework/base/CModule.php(388): CDbConnection->init()
#3 /Applications/XAMPP/xamppfiles/yii/framework/base/CModule.php(104): CModule->getComponent('db')
#4 /Applications/XAMPP/xamppfiles/yii/framework/gii/generators/crud/CrudCode.php(44): CModule->__get('db')
#5 /Applications/XAMPP/xamppfiles/yii/framework/web/CFormModel.php(40): CrudCode->init()
#6 /Applications/XAMPP/xamppfiles/yii/framework/gii/CCodeGenerator.php(154): CFormModel->__construct()
#7 /Applications/XAMPP/xamppfiles/yii/framework/gii/CCodeGenerator.php(64): CCodeGenerator->prepare()
#8 /Applications/XAMPP/xamppfiles/yii/framework/web/actions/CInlineAction.php(50): CCodeGenerator->actionIndex()
#9 /Applications/XAMPP/xamppfiles/yii/framework/web/CController.php(309): CInlineAction->runWithParams(Array)
#10 /Applications/XAMPP/xamppfiles/yii/framework/web/CController.php(287): CController->runAction(Object(CInlineAction))
#11 /Applications/XAMPP/xamppfiles/yii/framework/web/CController.php(266): CController->runActionWithFilters(Object(CInlineAction), Array)
#12 /Applications/XAMPP/xamppfiles/yii/framework/web/CWebApplication.php(276): CController->run('')
#13 /Applications/XAMPP/xamppfiles/yii/framework/web/CWebApplication.php(135): CWebApplication->runController('gii/crud')
#14 /Applications/XAMPP/xamppfiles/yii/framework/base/CApplication.php(162): CWebApplication->processRequest()
#15 /Applications/XAMPP/xamppfiles/htdocs/Agros/index.php(13): CApplication->run()
#16 {main}
REQUEST_URI=/Agros/index.php/gii/crud
---
